[2023-05-29T15:37:55.332647+05:30] 65a7978f-2127-4092-b3d7-57bf87763d3c.INFO: Admin Login successfully: admin  
[2023-05-29T15:38:08.934527+05:30] feb6061c-ddcd-4450-9e63-28c7f9545a79.INFO: Admin Login successfully: admin  
[2023-05-29T15:38:08.974212+05:30] 466dae19-8bd1-4b7a-9b14-4abbe83258fc.INFO: Admin Time-in successfully: 1  
[2023-05-29T17:27:55.229102+05:30] 1ba80396-d088-4ab7-87f9-d3a95cadfe1c.INFO: Admin Login successfully: admin  
[2023-05-29T17:27:55.274233+05:30] d656d185-be90-4f9e-b8b6-4e38c021627c.INFO: Admin Time-in successfully: 1  
[2023-05-29T17:30:50.557860+05:30] 985d9872-0948-499b-97b8-7492fcb8ec11.INFO: Admin logout successfully:   
[2023-05-29T17:35:26.698527+05:30] 20e1449b-8f4d-4d0b-949c-ebe9c57b890f.INFO: Admin Login successfully: admin  
[2023-05-29T17:35:27.053056+05:30] 368a681e-de22-4e7f-bb38-3fb19feae55b.INFO: Admin Time-in successfully: 1  
[2023-05-29T17:36:54.583937+05:30] fc491084-30e7-4373-aedc-fd82c324a33f.INFO: Admin logout successfully:   
[2023-05-29T17:37:01.190488+05:30] eea808f7-49e5-42b7-a076-495e44c6674d.INFO: Admin Login successfully: admin  
[2023-05-29T17:37:26.487001+05:30] 4b2cc29a-555a-48bf-ba1c-f680fd31ec1e.INFO: Admin Login successfully: admin  
[2023-05-29T17:39:26.731421+05:30] db6ef077-191f-40ed-a3a8-52c6eb488275.INFO: Admin Login successfully: admin  
[2023-05-29T17:39:26.771667+05:30] c2a7b517-0b67-41f8-af9d-34343f7a5101.INFO: Admin Time-in successfully: 1  
[2023-05-29T17:40:07.631027+05:30] 3359462c-032f-4583-be9e-331c072332a8.INFO: Admin logout successfully:   
[2023-05-29T17:40:14.034280+05:30] 8312f421-eaea-452d-820d-62f23ad45613.INFO: Admin Login successfully: admin  
[2023-05-29T17:40:14.074352+05:30] 111949e1-4bbe-4916-ad19-218590b80a19.INFO: Admin Time-in successfully: 1  
[2023-05-29T17:44:02.048857+05:30] 6fedfb6a-ffb4-42ce-8f5d-baa5c71142d7.INFO: Admin logout successfully:   
[2023-05-29T17:44:10.033707+05:30] 5e946ee2-38d7-4c57-863d-da5fbf1c6aa9.INFO: Admin Login successfully: admin  
[2023-05-29T17:44:10.067536+05:30] 2f6e87d3-e954-46a8-abd8-61d16d0125e7.INFO: Admin Time-in successfully: 1  
[2023-05-29T17:58:07.840446+05:30] d59c3ca2-2f14-42a0-b05b-87c8b938afab.INFO: Admin logout successfully:   
[2023-05-29T17:58:16.280488+05:30] bcac725f-69b9-4ca1-9f0d-f31168bb9c66.INFO: Admin Login successfully: admin  
[2023-05-29T17:58:16.313177+05:30] f445eea4-125d-4c87-9ea3-5b55fa769c46.INFO: Admin Time-in successfully: 1  
[2023-05-29T17:58:21.472473+05:30] 7e4a55e1-79e1-4c21-9982-00cdb0cebae1.INFO: Admin logout successfully:   
[2023-05-29T17:58:22.656119+05:30] 74c67d55-04e1-4af0-8c91-7fe98fabeb2a.INFO: Admin Login successfully: admin  
[2023-05-29T17:58:23.024597+05:30] e625f3c1-1d16-4285-b2fa-ee2922cdb25d.INFO: Admin Time-in successfully: 1  
[2023-05-29T18:01:05.156317+05:30] 7e5214aa-a9e5-4151-a34c-a5eaff7f946a.INFO: Admin logout successfully:   
[2023-05-29T18:01:11.471858+05:30] c09f9e80-3a33-45fc-8e05-7ce32dd6ec08.INFO: Admin Login successfully: admin  
[2023-05-29T18:01:11.732440+05:30] d0adae45-a277-4dcd-9822-d8f49a2d1892.INFO: Admin Time-in successfully: 1  
[2023-05-29T18:51:35.956858+05:30] c8a41a17-4886-4983-9f0c-b9c4bc65ff9f.INFO: Admin Login successfully: admin  
[2023-05-29T18:51:36.013262+05:30] a029e518-70f2-4c4e-91f1-2943171d870f.INFO: Admin Time-in successfully: 1  
[2023-05-29T18:51:49.442287+05:30] b8fff2fd-7944-4efd-abf4-ceead57a6802.INFO: Admin Login successfully: admin  
[2023-05-29T18:51:49.501642+05:30] 6aac160d-b7b0-400f-9f8e-1218df5e92d2.INFO: Admin Time-in successfully: 1  
[2023-05-29T18:51:55.200760+05:30] ce083947-6d29-4249-bf27-ce718fef5130.INFO: Admin Login successfully: admin  
[2023-05-29T18:51:55.245835+05:30] 467c8768-9a1e-4835-985e-fd935f55dd22.INFO: Admin Time-in successfully: 1  
[2023-05-29T18:52:24.240712+05:30] d776bdda-396f-47ad-bb6a-726ddc2a4981.INFO: Admin Login successfully: admin  
[2023-05-29T18:52:34.774697+05:30] bd1e5e72-a39a-4ac5-992a-5f29cd62de08.INFO: Admin Login successfully: admin  
[2023-05-29T18:52:34.817831+05:30] 0944b560-b369-4e31-8fe9-d78fef02909e.INFO: Admin Time-in successfully: 1  
[2023-05-29T18:54:11.421912+05:30] 50901eae-f6a1-46b8-b454-ec1b93d82d82.INFO: Admin Login successfully: admin  
[2023-05-29T18:54:11.478811+05:30] 5504b04c-68c2-4949-bf6e-af22b9b79619.INFO: Admin Time-in successfully: 1  
[2023-05-29T18:55:00.538063+05:30] c1599843-6e25-41e1-91d4-eca5297edfe4.INFO: Admin Login successfully: admin  
[2023-05-29T18:55:00.897957+05:30] 8f71bf92-58b1-4c4e-a120-6103c9dc431e.INFO: Admin Time-in successfully: 1  
[2023-05-29T19:07:04.625071+05:30] ef0f4945-87aa-4c2e-9708-56d2a28f9333.INFO: Admin logout successfully:   
[2023-05-29T19:14:29.565611+05:30] 66c55f80-180a-4c15-b817-277d94235850.INFO: Admin Login successfully: Cadmin  
[2023-05-29T19:14:41.768769+05:30] dd08e9ae-a007-48dc-8b59-ee52d7e8afad.INFO: Admin Login successfully: Cadmin  
[2023-05-29T19:15:02.684628+05:30] 055c8b8b-ef35-47b8-b9a9-f87ec63b3121.INFO: Admin Login successfully: Cadmin  
[2023-05-29T19:15:10.901817+05:30] ca402b81-9828-4e61-99a4-ee7afecaf672.INFO: Admin Login successfully: Cadmin  
[2023-05-29T19:15:16.166508+05:30] db7a916b-7478-4bce-8d97-97103c6c1e34.INFO: Admin Login successfully: Cadmin  
[2023-05-29T19:15:16.436199+05:30] 83abe4ef-783c-4c00-a51b-541fa206db21.INFO: Admin Time-in successfully: 2  
[2023-05-29T19:21:33.247063+05:30] e35daf2f-45c9-49f4-8f6d-e7d8df758ec8.INFO: Admin logout successfully:   
[2023-05-29T19:21:34.457202+05:30] 6f8834b1-7bfc-46f3-8fc9-ce17fef8c35b.INFO: Admin Login successfully: admin  
[2023-05-29T19:21:34.493085+05:30] 4f6823e5-8dde-4580-850a-05cf5a67b8f9.INFO: Admin Time-in successfully: 1  
[2023-05-29T19:21:37.478291+05:30] a01674aa-8c33-4275-b222-42a034ea935a.INFO: Admin logout successfully:   
[2023-05-29T19:21:58.074430+05:30] 4f3d2768-8719-4a12-ac73-b5843f3f749d.INFO: Admin Login successfully: Cadmin  
[2023-05-29T19:21:58.411709+05:30] cede1888-8514-47d2-b10b-91f4d63be647.INFO: Admin Time-in successfully: 2  
[2023-05-29T19:22:45.079750+05:30] facb9b43-b5ed-466d-929e-f57704a86ec4.INFO: Admin logout successfully:   
[2023-05-29T19:27:16.763735+05:30] 8dec2557-1d6a-477a-9847-0fdf5103a2d2.INFO: Admin Login successfully: Cadmin  
[2023-05-29T19:27:17.011629+05:30] a9a9dba2-083b-43c0-90fc-8c831eb346fc.INFO: Admin Time-in successfully: 2  
[2023-05-29T22:19:53.237901+05:30] e4299328-8d45-469e-b45a-3a06b917ffcf.INFO: Admin Login successfully: Cadmin  
